<?xml version="1.0" encoding="UTF-8"?>
<testsuite xmlns:xsi="http://www.w3.org/2001/XMLSchema-instance" xsi:noNamespaceSchemaLocation="https://maven.apache.org/surefire/maven-surefire-plugin/xsd/surefire-test-report.xsd" name="com.digi.generateBill.GenerateBillApplicationTests" time="28.964" tests="1" errors="0" skipped="1" failures="0">
  <properties>
[...]
</properties>
  <testcase name="contextLoads" classname="com.digi.generateBill.GenerateBillApplicationTests" time="0">
    <skipped message="void com.digi.generateBill.GenerateBillApplicationTests.contextLoads() is @Disabled"/>
    <system-out><![CDATA[19:30:10.034 [main] DEBUG org.springframework.test.context.BootstrapUtils - Instantiating CacheAwareContextLoaderDelegate from class [org.springframework.test.context.cache.DefaultCacheAwareContextLoaderDelegate]
19:30:10.148 [main] DEBUG org.springframework.test.context.BootstrapUtils - Instantiating BootstrapContext using constructor [public org.springframework.test.context.support.DefaultBootstrapContext(java.lang.Class,org.springframework.test.context.CacheAwareContextLoaderDelegate)]
19:30:10.351 [main] DEBUG org.springframework.test.context.BootstrapUtils - Instantiating TestContextBootstrapper for test class [com.digi.generateBill.GenerateBillApplicationTests] from class [org.springframework.boot.test.context.SpringBootTestContextBootstrapper]
19:30:10.399 [main] INFO org.springframework.boot.test.context.SpringBootTestContextBootstrapper - Neither @ContextConfiguration nor @ContextHierarchy found for test class [com.digi.generateBill.GenerateBillApplicationTests], using SpringBootContextLoader
19:30:10.442 [main] DEBUG org.springframework.test.context.support.AbstractContextLoader - Did not detect default resource location for test class [com.digi.generateBill.GenerateBillApplicationTests]: class path resource [com/digi/generateBill/GenerateBillApplicationTests-context.xml] does not exist
19:30:10.443 [main] DEBUG org.springframework.test.context.support.AbstractContextLoader - Did not detect default resource location for test class [com.digi.generateBill.GenerateBillApplicationTests]: class path resource [com/digi/generateBill/GenerateBillApplicationTestsContext.groovy] does not exist
19:30:10.454 [main] INFO org.springframework.test.context.support.AbstractContextLoader - Could not detect default resource locations for test class [com.digi.generateBill.GenerateBillApplicationTests]: no resource found for suffixes {-context.xml, Context.groovy}.
19:30:10.461 [main] INFO org.springframework.test.context.support.AnnotationConfigContextLoaderUtils - Could not detect default configuration classes for test class [com.digi.generateBill.GenerateBillApplicationTests]: GenerateBillApplicationTests does not declare any static, non-private, non-final, nested classes annotated with @Configuration.
19:30:11.190 [main] DEBUG org.springframework.test.context.support.ActiveProfilesUtils - Could not find an 'annotation declaring class' for annotation type [org.springframework.test.context.ActiveProfiles] and class [com.digi.generateBill.GenerateBillApplicationTests]
19:30:11.857 [main] DEBUG org.springframework.context.annotation.ClassPathScanningCandidateComponentProvider - Identified candidate component class: file [/Users/user/Documents/Saikat/Spring boot and fuse training/packtis/ Task Completed/RRT/generateBill/target/classes/com/digi/generateBill/GenerateBillApplication.class]
19:30:11.860 [main] INFO org.springframework.boot.test.context.SpringBootTestContextBootstrapper - Found @SpringBootConfiguration com.digi.generateBill.GenerateBillApplication for test class com.digi.generateBill.GenerateBillApplicationTests
19:30:12.817 [main] DEBUG org.springframework.boot.test.context.SpringBootTestContextBootstrapper - @TestExecutionListeners is not present for class [com.digi.generateBill.GenerateBillApplicationTests]: using defaults.
19:30:12.820 [main] INFO org.springframework.boot.test.context.SpringBootTestContextBootstrapper - Loaded default TestExecutionListener class names from location [META-INF/spring.factories]: [org.springframework.boot.test.mock.mockito.MockitoTestExecutionListener, org.springframework.boot.test.mock.mockito.ResetMocksTestExecutionListener, org.springframework.boot.test.autoconfigure.restdocs.RestDocsTestExecutionListener, org.springframework.boot.test.autoconfigure.web.client.MockRestServiceServerResetTestExecutionListener, org.springframework.boot.test.autoconfigure.web.servlet.MockMvcPrintOnlyOnFailureTestExecutionListener, org.springframework.boot.test.autoconfigure.web.servlet.WebDriverTestExecutionListener, org.springframework.boot.test.autoconfigure.webservices.client.MockWebServiceServerTestExecutionListener, org.springframework.test.context.web.ServletTestExecutionListener, org.springframework.test.context.support.DirtiesContextBeforeModesTestExecutionListener, org.springframework.test.context.event.ApplicationEventsTestExecutionListener, org.springframework.test.context.support.DependencyInjectionTestExecutionListener, org.springframework.test.context.support.DirtiesContextTestExecutionListener, org.springframework.test.context.transaction.TransactionalTestExecutionListener, org.springframework.test.context.jdbc.SqlScriptsTestExecutionListener, org.springframework.test.context.event.EventPublishingTestExecutionListener]
19:30:12.955 [main] INFO org.springframework.boot.test.context.SpringBootTestContextBootstrapper - Using TestExecutionListeners: [org.springframework.test.context.web.ServletTestExecutionListener@16b2bb0c, org.springframework.test.context.support.DirtiesContextBeforeModesTestExecutionListener@327af41b, org.springframework.test.context.event.ApplicationEventsTestExecutionListener@6cb6decd, org.springframework.boot.test.mock.mockito.MockitoTestExecutionListener@c7045b9, org.springframework.boot.test.autoconfigure.SpringBootDependencyInjectionTestExecutionListener@f99f5e0, org.springframework.test.context.support.DirtiesContextTestExecutionListener@6aa61224, org.springframework.test.context.transaction.TransactionalTestExecutionListener@30bce90b, org.springframework.test.context.jdbc.SqlScriptsTestExecutionListener@3e6f3f28, org.springframework.test.context.event.EventPublishingTestExecutionListener@7e19ebf0, org.springframework.boot.test.mock.mockito.ResetMocksTestExecutionListener@2474f125, org.springframework.boot.test.autoconfigure.restdocs.RestDocsTestExecutionListener@7357a011, org.springframework.boot.test.autoconfigure.web.client.MockRestServiceServerResetTestExecutionListener@3406472c, org.springframework.boot.test.autoconfigure.web.servlet.MockMvcPrintOnlyOnFailureTestExecutionListener@5717c37, org.springframework.boot.test.autoconfigure.web.servlet.WebDriverTestExecutionListener@68f4865, org.springframework.boot.test.autoconfigure.webservices.client.MockWebServiceServerTestExecutionListener@4816278d]
19:30:12.970 [main] DEBUG org.springframework.test.context.support.AbstractDirtiesContextTestExecutionListener - Before test class: context [DefaultTestContext@1fb19a0 testClass = GenerateBillApplicationTests, testInstance = [null], testMethod = [null], testException = [null], mergedContextConfiguration = [WebMergedContextConfiguration@6ee4d9ab testClass = GenerateBillApplicationTests, locations = '{}', classes = '{class com.digi.generateBill.GenerateBillApplication}', contextInitializerClasses = '[]', activeProfiles = '{}', propertySourceLocations = '{}', propertySourceProperties = '{org.springframework.boot.test.context.SpringBootTestContextBootstrapper=true}', contextCustomizers = set[org.springframework.boot.test.context.filter.ExcludeFilterContextCustomizer@69fb6037, org.springframework.boot.test.json.DuplicateJsonObjectContextCustomizerFactory$DuplicateJsonObjectContextCustomizer@3c947bc5, org.springframework.boot.test.mock.mockito.MockitoContextCustomizer@0, org.springframework.boot.test.web.client.TestRestTemplateContextCustomizer@4ef37659, org.springframework.boot.test.autoconfigure.actuate.metrics.MetricsExportContextCustomizerFactory$DisableMetricExportContextCustomizer@3541cb24, org.springframework.boot.test.autoconfigure.properties.PropertyMappingContextCustomizer@0, org.springframework.boot.test.autoconfigure.web.servlet.WebDriverContextCustomizerFactory$Customizer@49dc7102, org.springframework.boot.test.context.SpringBootTestArgs@1, org.springframework.boot.test.context.SpringBootTestWebEnvironment@7b49cea0], resourceBasePath = 'src/main/webapp', contextLoader = 'org.springframework.boot.test.context.SpringBootContextLoader', parent = [null]], attributes = map['org.springframework.test.context.web.ServletTestExecutionListener.activateListener' -> true]], class annotated with @DirtiesContext [false] with mode [null].

  .   ____          _            __ _ _
 /\\ / ___'_ __ _ _(_)_ __  __ _ \ \ \ \
( ( )\___ | '_ | '_| | '_ \/ _` | \ \ \ \
 \\/  ___)| |_)| | | | | || (_| |  ) ) ) )
  '  |____| .__|_| |_|_| |_\__, | / / / /
 =========|_|==============|___/=/_/_/_/
 :: Spring Boot ::                (v2.7.8)

2023-02-03 19:30:19.534  INFO 5711 --- [           main] c.d.g.GenerateBillApplicationTests       : Starting GenerateBillApplicationTests using Java 17.0.5 on USERs-MacBook-Air.local with PID 5711 (started by user in /Users/user/Documents/Saikat/Spring boot and fuse training/packtis/ Task Completed/RRT/generateBill)
2023-02-03 19:30:19.540  INFO 5711 --- [           main] c.d.g.GenerateBillApplicationTests       : No active profile set, falling back to 1 default profile: "default"
2023-02-03 19:30:24.045  INFO 5711 --- [           main] trationDelegate$BeanPostProcessorChecker : Bean 'org.apache.camel.spring.boot.CamelAutoConfiguration' of type [org.apache.camel.spring.boot.CamelAutoConfiguration$$EnhancerBySpringCGLIB$$bfff3728] is not eligible for getting processed by all BeanPostProcessors (for example: not eligible for auto-proxying)
2023-02-03 19:30:34.452  INFO 5711 --- [           main] o.a.c.i.converter.DefaultTypeConverter   : Loaded 199 type converters
2023-02-03 19:30:36.370  INFO 5711 --- [           main] o.a.camel.spring.boot.RoutesCollector    : Loading additional Camel XML routes from: classpath:camel/*.xml
2023-02-03 19:30:36.372  INFO 5711 --- [           main] o.a.camel.spring.boot.RoutesCollector    : Loading additional Camel XML rests from: classpath:camel-rest/*.xml
2023-02-03 19:30:36.379  INFO 5711 --- [           main] o.a.camel.spring.SpringCamelContext      : Apache Camel 2.18.0 (CamelContext: camel-1) is starting
2023-02-03 19:30:36.381  INFO 5711 --- [           main] o.a.c.m.ManagedManagementStrategy        : JMX is enabled
2023-02-03 19:30:37.124  INFO 5711 --- [           main] o.a.c.i.DefaultRuntimeEndpointRegistry   : Runtime endpoint registry is in extended mode gathering usage statistics of all incoming and outgoing endpoints (cache limit: 1000)
2023-02-03 19:30:37.434  INFO 5711 --- [           main] o.a.camel.spring.SpringCamelContext      : StreamCaching is not in use. If using streams then its recommended to enable stream caching. See more details at http://camel.apache.org/stream-caching.html
2023-02-03 19:30:37.665  INFO 5711 --- [           main] o.a.c.c.undertow.UndertowRegistry        : Adding consumer to consumerRegistry: http://0.0.0.0:9091/api/A/billingManagement/v1/generateBill
2023-02-03 19:30:37.681  INFO 5711 --- [           main] o.a.c.c.undertow.UndertowEndpoint        : Starting server on port: 9091
2023-02-03 19:30:37.763  INFO 5711 --- [           main] io.undertow                              : starting server: Undertow - 2.2.22.Final
2023-02-03 19:30:37.801  INFO 5711 --- [           main] org.xnio                                 : XNIO version 3.8.7.Final
2023-02-03 19:30:37.840  INFO 5711 --- [           main] org.xnio.nio                             : XNIO NIO Implementation Version 3.8.7.Final
2023-02-03 19:30:38.050  INFO 5711 --- [           main] org.jboss.threads                        : JBoss Threads version 3.1.0.Final
2023-02-03 19:30:38.264  INFO 5711 --- [           main] o.a.camel.spring.SpringCamelContext      : Route: route1 started and consuming from: http://0.0.0.0:9091/api/A/billingManagement/v1/generateBill?httpMethodRestrict=POST
2023-02-03 19:30:38.264  INFO 5711 --- [           main] o.a.camel.spring.SpringCamelContext      : Total 1 routes, of which 1 are started.
2023-02-03 19:30:38.266  INFO 5711 --- [           main] o.a.camel.spring.SpringCamelContext      : Apache Camel 2.18.0 (CamelContext: camel-1) started in 1.890 seconds
2023-02-03 19:30:38.288  INFO 5711 --- [           main] c.d.g.GenerateBillApplicationTests       : Started GenerateBillApplicationTests in 25.119 seconds (JVM running for 31.373)
]]></system-out>
  </testcase>
</testsuite>